Godot Engine v3.2.3.stable.custom_build - https://godotengine.org
OpenGL ES 3.0 Renderer: AMD RENOIR (DRM 3.40.0, 5.10.60, LLVM 11.0.1)
 


 ---  Gut  ---
Godot version:  3.2.3
GUT version:  7.4.1
---------------------------------------------------------
This is the command line interface for the unit testing tool Gut.  With this interface you can run one or more test scripts from the command line.  In order for the Gut options to not clash with any other godot options, each option starts with a "g".  Also, any option that requires a value will take the form of "-g<name>=<value>".  There cannot be any spaces between the option, the "=", or inside a specified value or godot will think you are trying to run a scene.

Options
-------
  -gtest                    Comma delimited list of full paths to test scripts to run.
  -gdir                     Comma delimited list of directories to add tests from.
  -gprefix                  Prefix used to find tests when specifying -gdir.  Default "test_".
  -gsuffix                  Test script suffix, including .gd extension.  Default ".gd".
  -ghide_orphans            Display orphan counts for tests and scripts.  Default "False".
  -gmaximize                Maximizes test runner window to fit the viewport.
  -gcompact_mode            The runner will be in compact mode.  This overrides -gmaximize.
  -gexit                    Exit after running tests.  If not specified you have to manually close the window.
  -gexit_on_success         Only exit if all tests pass.
  -glog                     Log level.  Default 1
  -gignore_pause            Ignores any calls to gut.pause_before_teardown.
  -gselect                  Select a script to run initially.  The first script that was loaded using -gtest or -gdir that contains the specified string will be executed.  You may run others by interacting with the GUI.
  -gunit_test_name          Name of a test to run.  Any test that contains the specified text will be run, all others will be skipped.
  -gh                       Print this help, then quit
  -gconfig                  A config file that contains configuration information.  Default is res://.gutconfig.json
  -ginner_class             Only run inner classes that contain this string
  -gopacity                 Set opacity of test runner window. Use range 0 - 100. 0 = transparent, 100 = opaque.
  -gpo                      Print option values from all sources and the value used, then quit.
  -ginclude_subdirs         Include subdirectories of -gdir.
  -gdouble_strategy         Default strategy to use when doubling.  Valid values are [partial, full].  Default "partial"
  -gdisable_colors          Disable command line colors.
  -gpre_run_script          pre-run hook script path
  -gpost_run_script         post-run hook script path
  -gprint_gutconfig_sample  Print out json that can be used to make a gutconfig file then quit.
  -gfont_name               Valid values are:  [AnonymousPro, CourierPro, LobsterTwo, Default].  Default "CourierPrime"
  -gfont_size               Font size, default "16"
  -gbackground_color        Background color as an html color, default "ff262626"
  -gfont_color              Font color as an html color, default "ffcccccc"
  -gjunit_xml_file          Export results of run to this file in the Junit XML format.
  -gjunit_xml_timestamp     Include a timestamp in the -gjunit_xml_file, default False
---------------------------------------------------------
