Godot Engine v3.2.3.stable.custom_build - https://godotengine.org
OpenGL ES 3.0 Renderer: AMD RENOIR (DRM 3.40.0, 5.10.60, LLVM 11.0.1)
 


 ---  Gut  ---
[1m[INFO]:  [0musing [/home/tiago/godot-demos/jogatina/jogatina] for temporary output.
Godot version:  3.2.3
GUT version:  7.4.1
[33m

*** Run Summary ***
[0m[32mAll tests passed
[0m
[33mTotals
[0mScripts:          0
Passing tests     0
Failing tests     0
Risky tests       0
Pending:          0
Asserts:          0 of 0 passed

[31mNo tests ran
[0m

[31m[ERROR]:  [0mNo directories configured.  Add directories with options or a .gutconfig.json file.  Use the -gh option for more information.
Tests finished, exit manually
